2018-04-24 10:53:05.735 EEST [6308] —ŒŒ¡Ÿ≈Õ»≈:  ÒËÒÚÂÏ‡ ¡ƒ ·˚Î‡ ‚˚ÍÎ˛˜ÂÌ‡: 2018-04-24 10:52:45 EEST
2018-04-24 10:53:06.285 EEST [2556] —ŒŒ¡Ÿ≈Õ»≈:  ÒËÒÚÂÏ‡ ¡ƒ „ÓÚÓ‚‡ ÔËÌËÏ‡Ú¸ ÔÓ‰ÍÎ˛˜ÂÌËˇ
2018-04-24 11:14:48.576 EEST [7664] –û–®–ò–ë–ö–ê:  —Ç–∏–ø "varcar" –Ω–µ —Å—É—â–µ—Å—Ç–≤—É–µ—Ç (—Å–∏–º–≤–æ–ª 42)
2018-04-24 11:14:48.576 EEST [7664] –û–ü–ï–†–ê–¢–û–†:  CREATE Table THEMES (
		ID SERIAL,
		THEME VARCAR(50)
	)
2018-04-24 11:16:21.295 EEST [7664] –û–®–ò–ë–ö–ê:  –æ—à–∏–±–∫–∞ —Å–∏–Ω—Ç–∞–∫—Å–∏—Å–∞ (–ø—Ä–∏–º–µ—Ä–Ω–æ–µ –ø–æ–ª–æ–∂–µ–Ω–∏–µ: "foreign") (—Å–∏–º–≤–æ–ª 56)
2018-04-24 11:16:21.295 EEST [7664] –û–ü–ï–†–ê–¢–û–†:  CREATE Table QUESTIONS (
		ID SERIAL,
		THEME_ID integer foreign key references THEMES(ID),
		QUESTION varchar(100)
	)
2018-04-24 11:21:39.371 EEST [7664] –û–®–ò–ë–ö–ê:  –æ—à–∏–±–∫–∞ —Å–∏–Ω—Ç–∞–∫—Å–∏—Å–∞ (–ø—Ä–∏–º–µ—Ä–Ω–æ–µ –ø–æ–ª–æ–∂–µ–Ω–∏–µ: "foreign") (—Å–∏–º–≤–æ–ª 57)
2018-04-24 11:21:39.371 EEST [7664] –û–ü–ï–†–ê–¢–û–†:  CREATE Table ANSWERS (
		ID SERIAL,
		QUESTION_ID integer foreign key references QUESTIONS(ID),
		ANSWER varchar(100),
		IS_RIGHT boolean
	)
2018-04-24 11:23:00.529 EEST [7664] –û–®–ò–ë–ö–ê:  –æ—à–∏–±–∫–∞ —Å–∏–Ω—Ç–∞–∫—Å–∏—Å–∞ (–ø—Ä–∏–º–µ—Ä–Ω–æ–µ –ø–æ–ª–æ–∂–µ–Ω–∏–µ: "foreign") (—Å–∏–º–≤–æ–ª 54)
2018-04-24 11:23:00.529 EEST [7664] –û–ü–ï–†–ê–¢–û–†:  CREATE Table TESTS (
		ID SERIAL,
		STUDENT_ID integer foreign key references STUDENTS(ID),
		THEME_ID integer foreign key references THEME(ID),
		QUESTION_ID integer foreign key references QUESTIONS(ID),
		ANSWER_ID integer foreign key references ANSWERS(ID)
	)
2018-04-24 12:15:24.387 EEST [7664] –û–®–ò–ë–ö–ê:  –æ—Ç–Ω–æ—à–µ–Ω–∏–µ "themes" –Ω–µ —Å—É—â–µ—Å—Ç–≤—É–µ—Ç (—Å–∏–º–≤–æ–ª 13)
2018-04-24 12:15:24.387 EEST [7664] –û–ü–ï–†–ê–¢–û–†:  insert into THEMES (THEME) values('Java');
	
2018-04-24 12:15:34.684 EEST [7664] –û–®–ò–ë–ö–ê:  –æ—Ç–Ω–æ—à–µ–Ω–∏–µ "themes" –Ω–µ —Å—É—â–µ—Å—Ç–≤—É–µ—Ç (—Å–∏–º–≤–æ–ª 13)
2018-04-24 12:15:34.684 EEST [7664] –û–ü–ï–†–ê–¢–û–†:  insert into THEMES (THEME) values('–£–∫—Ä–∞–∏–Ω–∞');
	--insert into THEMES (THEME) values('–ì–µ–æ–≥—Ä–∞—Ñ–∏—è');
	
2018-04-24 12:15:40.320 EEST [7664] –û–®–ò–ë–ö–ê:  –æ—Ç–Ω–æ—à–µ–Ω–∏–µ "themes" –Ω–µ —Å—É—â–µ—Å—Ç–≤—É–µ—Ç (—Å–∏–º–≤–æ–ª 13)
2018-04-24 12:15:40.320 EEST [7664] –û–ü–ï–†–ê–¢–û–†:  insert into THEMES (THEME) values('–ì–µ–æ–≥—Ä–∞—Ñ–∏—è');
	
2018-04-24 12:16:43.929 EEST [7664] –û–®–ò–ë–ö–ê:  –æ—Ç–Ω–æ—à–µ–Ω–∏–µ "themes" –Ω–µ —Å—É—â–µ—Å—Ç–≤—É–µ—Ç (—Å–∏–º–≤–æ–ª 15)
2018-04-24 12:16:43.929 EEST [7664] –û–ü–ï–†–ê–¢–û–†:  select * from THEMES
	
2018-04-24 12:17:25.828 EEST [7664] –û–®–ò–ë–ö–ê:  –æ—Ç–Ω–æ—à–µ–Ω–∏–µ "themes" –Ω–µ —Å—É—â–µ—Å—Ç–≤—É–µ—Ç (—Å–∏–º–≤–æ–ª 15)
2018-04-24 12:17:25.828 EEST [7664] –û–ü–ï–†–ê–¢–û–†:  select * from THEMES
	
2018-04-24 12:32:59.787 EEST [6688] ¬¿∆ÕŒ:  ·‡Á‡ ‰‡ÌÌ˚ı "contactdb" ÌÂ ÒÛ˘ÂÒÚ‚ÛÂÚ
2018-04-24 12:33:29.358 EEST [5496] –û–®–ò–ë–ö–ê:  –æ—Ç–Ω–æ—à–µ–Ω–∏–µ "themes" –Ω–µ —Å—É—â–µ—Å—Ç–≤—É–µ—Ç (—Å–∏–º–≤–æ–ª 15)
2018-04-24 12:33:29.358 EEST [5496] –û–ü–ï–†–ê–¢–û–†:  SELECT * FROM THEMES
2018-04-24 12:44:11.971 EEST [5420] –°–û–û–ë–©–ï–ù–ò–ï:  –Ω–µ —É–¥–∞–ª–æ—Å—å –ø–æ–ª—É—á–∏—Ç—å –¥–∞–Ω–Ω—ã–µ –æ—Ç –∫–ª–∏–µ–Ω—Ç–∞: An existing connection was forcibly closed by the remote host.
	
2018-04-24 12:44:11.971 EEST [4860] –°–û–û–ë–©–ï–ù–ò–ï:  –Ω–µ —É–¥–∞–ª–æ—Å—å –ø–æ–ª—É—á–∏—Ç—å –¥–∞–Ω–Ω—ã–µ –æ—Ç –∫–ª–∏–µ–Ω—Ç–∞: An existing connection was forcibly closed by the remote host.
	
2018-04-24 12:52:02.966 EEST [7464] –û–®–ò–ë–ö–ê:  –æ—à–∏–±–∫–∞ —Å–∏–Ω—Ç–∞–∫—Å–∏—Å–∞ (–ø—Ä–∏–º–µ—Ä–Ω–æ–µ –ø–æ–ª–æ–∂–µ–Ω–∏–µ: "foreign") (—Å–∏–º–≤–æ–ª 56)
2018-04-24 12:52:02.966 EEST [7464] –û–ü–ï–†–ê–¢–û–†:  create table QUESTIONS (
		ID serial,
		THEME_ID integer foreign key references THEMES(ID),
		QUESTION varchar(100)
	)
2018-04-24 12:55:23.888 EEST [7464] –û–®–ò–ë–ö–ê:  –≤ —Ü–µ–ª–µ–≤–æ–π –≤–Ω–µ—à–Ω–µ–π —Ç–∞–±–ª–∏—Ü–µ "themes" –Ω–µ—Ç –æ–≥—Ä–∞–Ω–∏—á–µ–Ω–∏—è —É–Ω–∏–∫–∞–ª—å–Ω–æ—Å—Ç–∏, —Å–æ–æ—Ç–≤–µ—Ç—Å—Ç–≤—É—é—â–µ–≥–æ –¥–∞–Ω–Ω—ã–º –∫–ª—é—á–∞–º
2018-04-24 12:55:23.888 EEST [7464] –û–ü–ï–†–ê–¢–û–†:  ALTER TABLE QUESTIONS ADD FOREIGN KEY (THEME_ID) REFERENCES THEMES (ID);
2018-04-24 13:59:46.286 EEST [7464] –û–®–ò–ë–ö–ê:  —Å—Ç–æ–ª–±–µ—Ü "anwer" –≤ —Ç–∞–±–ª–∏—Ü–µ "answers" –Ω–µ —Å—É—â–µ—Å—Ç–≤—É–µ—Ç (—Å–∏–º–≤–æ–ª 20)
2018-04-24 13:59:46.286 EEST [7464] –û–ü–ï–†–ê–¢–û–†:  update answers set anwer='{ } while(i<10)' where question_id=2 and variant='B'
2018-04-24 13:59:59.938 EEST [7464] –û–®–ò–ë–ö–ê:  —Å—Ç–æ–ª–±–µ—Ü "anwer" –≤ —Ç–∞–±–ª–∏—Ü–µ "answers" –Ω–µ —Å—É—â–µ—Å—Ç–≤—É–µ—Ç (—Å–∏–º–≤–æ–ª 20)
2018-04-24 13:59:59.938 EEST [7464] –û–ü–ï–†–ê–¢–û–†:  update answers set anwer='{ } while(i<10)' where question_id=2 and variant='B'
2018-04-24 14:10:26.962 EEST [7464] –û–®–ò–ë–ö–ê:  –Ω–µ–∑–∞–≤–µ—Ä—à—ë–Ω–Ω–∞—è —Å—Ç—Ä–æ–∫–∞ –≤ –∫–∞–≤—ã—á–∫–∞—Ö (–ø—Ä–∏–º–µ—Ä–Ω–æ–µ –ø–æ–ª–æ–∂–µ–Ω–∏–µ: "'–°—Ç—Ä–∞–Ω—ã, —Å –∫–æ—Ç–æ—Ä—ã–º–∏ –£–∫—Ä–∞–∏–Ω–∞ –≥—Ä–∞–Ω–∏—á–∏—Ç –Ω–∞ —Å–µ–≤–µ—Ä–µ)") (—Å–∏–º–≤–æ–ª 55)
2018-04-24 14:10:26.962 EEST [7464] –û–ü–ï–†–ê–¢–û–†:  insert into questions (theme_id, question) values (2, '–°—Ç—Ä–∞–Ω—ã, —Å –∫–æ—Ç–æ—Ä—ã–º–∏ –£–∫—Ä–∞–∏–Ω–∞ –≥—Ä–∞–Ω–∏—á–∏—Ç –Ω–∞ —Å–µ–≤–µ—Ä–µ)
2018-04-24 14:26:18.164 EEST [7116] –û–®–ò–ë–ö–ê:  —Å—Ç–æ–ª–±–µ—Ü "NUMBER" —Å–æ–¥–µ—Ä–∂–∏—Ç –∑–Ω–∞—á–µ–Ω–∏—è NULL
2018-04-24 14:26:18.164 EEST [7116] –û–ü–ï–†–ê–¢–û–†:  ALTER TABLE public.questions
	    ADD COLUMN "NUMBER" integer NOT NULL;
	
	
2018-04-24 14:27:35.881 EEST [7464] –û–®–ò–ë–ö–ê:  —Å—Ç–æ–ª–±–µ—Ü "number" –≤ —Ç–∞–±–ª–∏—Ü–µ "questions" –Ω–µ —Å—É—â–µ—Å—Ç–≤—É–µ—Ç (—Å–∏–º–≤–æ–ª 22)
2018-04-24 14:27:35.881 EEST [7464] –û–ü–ï–†–ê–¢–û–†:  update questions set number=1 where id in(1,4)
2018-04-24 14:27:48.743 EEST [7464] –û–®–ò–ë–ö–ê:  —Å—Ç–æ–ª–±–µ—Ü "number" –≤ —Ç–∞–±–ª–∏—Ü–µ "questions" –Ω–µ —Å—É—â–µ—Å—Ç–≤—É–µ—Ç (—Å–∏–º–≤–æ–ª 22)
2018-04-24 14:27:48.743 EEST [7464] –û–ü–ï–†–ê–¢–û–†:  update questions set number=2 where id in(2,5)
2018-04-24 14:27:57.343 EEST [7464] –û–®–ò–ë–ö–ê:  —Å—Ç–æ–ª–±–µ—Ü "number" –≤ —Ç–∞–±–ª–∏—Ü–µ "questions" –Ω–µ —Å—É—â–µ—Å—Ç–≤—É–µ—Ç (—Å–∏–º–≤–æ–ª 22)
2018-04-24 14:27:57.343 EEST [7464] –û–ü–ï–†–ê–¢–û–†:  update questions set number=3 where id in(3,6)
2018-04-24 14:30:06.612 EEST [7464] –û–®–ò–ë–ö–ê:  —Å—Ç–æ–ª–±–µ—Ü "number" –≤ —Ç–∞–±–ª–∏—Ü–µ "questions" –Ω–µ —Å—É—â–µ—Å—Ç–≤—É–µ—Ç (—Å–∏–º–≤–æ–ª 22)
2018-04-24 14:30:06.612 EEST [7464] –û–ü–ï–†–ê–¢–û–†:  update questions set number=1 where id=1
	--select * from questions
2018-04-24 14:30:11.420 EEST [7464] –û–®–ò–ë–ö–ê:  —Å—Ç–æ–ª–±–µ—Ü "number" –≤ —Ç–∞–±–ª–∏—Ü–µ "questions" –Ω–µ —Å—É—â–µ—Å—Ç–≤—É–µ—Ç (—Å–∏–º–≤–æ–ª 22)
2018-04-24 14:30:11.420 EEST [7464] –û–ü–ï–†–ê–¢–û–†:  update questions set number=1 where id=4
	--select * from questions
2018-04-24 14:30:37.986 EEST [7464] –û–®–ò–ë–ö–ê:  —Å—Ç–æ–ª–±–µ—Ü "number" –≤ —Ç–∞–±–ª–∏—Ü–µ "questions" –Ω–µ —Å—É—â–µ—Å—Ç–≤—É–µ—Ç (—Å–∏–º–≤–æ–ª 22)
2018-04-24 14:30:37.986 EEST [7464] –û–ü–ï–†–ê–¢–û–†:  update questions set NUMBER=1 where id=1
	--select * from questions
2018-04-24 14:31:25.689 EEST [7464] –û–®–ò–ë–ö–ê:  —Å—Ç–æ–ª–±–µ—Ü "number" –≤ —Ç–∞–±–ª–∏—Ü–µ "questions" –Ω–µ —Å—É—â–µ—Å—Ç–≤—É–µ—Ç (—Å–∏–º–≤–æ–ª 22)
2018-04-24 14:31:25.689 EEST [7464] –û–ü–ï–†–ê–¢–û–†:  update questions set NUMBER=1 where id<2
	--select * from questions
2018-04-24 14:33:28.735 EEST [7464] –û–®–ò–ë–ö–ê:  —Å—Ç–æ–ª–±–µ—Ü "number" –≤ —Ç–∞–±–ª–∏—Ü–µ "questions" –Ω–µ —Å—É—â–µ—Å—Ç–≤—É–µ—Ç (—Å–∏–º–≤–æ–ª 22)
2018-04-24 14:33:28.735 EEST [7464] –û–ü–ï–†–ê–¢–û–†:  update questions set NUMBER=1 where id=1;
	--select * from questions
2018-04-24 14:36:03.862 EEST [7464] –û–®–ò–ë–ö–ê:  INSERT –∏–ª–∏ UPDATE –≤ —Ç–∞–±–ª–∏—Ü–µ "questions" –Ω–∞—Ä—É—à–∞–µ—Ç –æ–≥—Ä–∞–Ω–∏—á–µ–Ω–∏–µ –≤–Ω–µ—à–Ω–µ–≥–æ –∫–ª—é—á–∞ "questions_theme_id_fkey"
2018-04-24 14:36:03.862 EEST [7464] –ü–û–î–†–û–ë–ù–û–°–¢–ò:  –ö–ª—é—á (theme_id)=(3) –æ—Ç—Å—É—Ç—Å—Ç–≤—É–µ—Ç –≤ —Ç–∞–±–ª–∏—Ü–µ "themes".
2018-04-24 14:36:03.862 EEST [7464] –û–ü–ï–†–ê–¢–û–†:  update questions set theme_id=3 where id=1;
	select * from questions;
2018-04-24 14:37:07.882 EEST [7464] –û–®–ò–ë–ö–ê:  —Å—Ç–æ–ª–±–µ—Ü "number" –≤ —Ç–∞–±–ª–∏—Ü–µ "questions" –Ω–µ —Å—É—â–µ—Å—Ç–≤—É–µ—Ç (—Å–∏–º–≤–æ–ª 22)
2018-04-24 14:37:07.882 EEST [7464] –û–ü–ï–†–ê–¢–û–†:  update questions set number=3;
	select * from questions;
2018-04-24 14:38:17.346 EEST [7464] –û–®–ò–ë–ö–ê:  —Å—Ç–æ–ª–±–µ—Ü "number" –≤ —Ç–∞–±–ª–∏—Ü–µ "questions" –Ω–µ —Å—É—â–µ—Å—Ç–≤—É–µ—Ç (—Å–∏–º–≤–æ–ª 22)
2018-04-24 14:38:17.346 EEST [7464] –û–ü–ï–†–ê–¢–û–†:  update questions set number='3';
	select * from questions;
2018-04-24 15:12:50.851 EEST [7148] –û–®–ò–ë–ö–ê:  —Å—Ç–æ–ª–±–µ—Ü "–ú–æ–≥–∏–ª–∞" –Ω–µ —Å—É—â–µ—Å—Ç–≤—É–µ—Ç (—Å–∏–º–≤–æ–ª 47)
2018-04-24 15:12:50.851 EEST [7148] –û–ü–ï–†–ê–¢–û–†:  insert into students (F_NAME, L_NAME) values (–ú–æ–≥–∏–ª–∞, –ú–∞—Ä–∏–Ω–∞)
2018-04-24 15:35:30.964 EEST [7256] –û–®–ò–ë–ö–ê:  —Å—Ç–æ–ª–±–µ—Ü "–ú–æ–≥–∏–ª–∞" –Ω–µ —Å—É—â–µ—Å—Ç–≤—É–µ—Ç (—Å–∏–º–≤–æ–ª 47)
2018-04-24 15:35:30.964 EEST [7256] –û–ü–ï–†–ê–¢–û–†:  insert into students (F_NAME, L_NAME) values (–ú–æ–≥–∏–ª–∞, –ú–∞—Ä–∏–Ω–∞)
2018-04-24 15:38:31.207 EEST [6616] –û–®–ò–ë–ö–ê:  —Å—Ç–æ–ª–±–µ—Ü "mogila" –Ω–µ —Å—É—â–µ—Å—Ç–≤—É–µ—Ç (—Å–∏–º–≤–æ–ª 47)
2018-04-24 15:38:31.207 EEST [6616] –û–ü–ï–†–ê–¢–û–†:  insert into students (F_NAME, L_NAME) values (Mogila, Marina)
2018-04-24 15:39:09.029 EEST [6740] –û–®–ò–ë–ö–ê:  —Å—Ç–æ–ª–±–µ—Ü "a" –Ω–µ —Å—É—â–µ—Å—Ç–≤—É–µ—Ç (—Å–∏–º–≤–æ–ª 47)
2018-04-24 15:39:09.029 EEST [6740] –û–ü–ï–†–ê–¢–û–†:  insert into students (F_NAME, L_NAME) values (a, a)
2018-04-24 15:42:09.721 EEST [7684] –û–®–ò–ë–ö–ê:  —Å—Ç–æ–ª–±–µ—Ü "mogila" –Ω–µ —Å—É—â–µ—Å—Ç–≤—É–µ—Ç (—Å–∏–º–≤–æ–ª 47)
2018-04-24 15:42:09.721 EEST [7684] –û–ü–ï–†–ê–¢–û–†:  INSERT INTO students (f_name, l_name) VALUES (Mogila, Marina)
2018-04-24 15:44:00.814 EEST [6376] –û–®–ò–ë–ö–ê:  —Å—Ç–æ–ª–±–µ—Ü "vv" –Ω–µ —Å—É—â–µ—Å—Ç–≤—É–µ—Ç (—Å–∏–º–≤–æ–ª 47)
2018-04-24 15:44:00.814 EEST [6376] –û–ü–ï–†–ê–¢–û–†:  INSERT INTO students (f_name, l_name) VALUES (vv, ff)
2018-04-24 15:45:53.123 EEST [8124] –û–®–ò–ë–ö–ê:  —Å—Ç–æ–ª–±–µ—Ü "–ú–æ–≥–∏–ª–∞" –Ω–µ —Å—É—â–µ—Å—Ç–≤—É–µ—Ç (—Å–∏–º–≤–æ–ª 47)
2018-04-24 15:45:53.123 EEST [8124] –û–ü–ï–†–ê–¢–û–†:  INSERT INTO students (f_name, l_name) VALUES ("–ú–æ–≥–∏–ª–∞", "–ú–∞—Ä–∏–Ω–∞")
