2018-04-25 09:26:37.270 EEST [5068] СООБЩЕНИЕ:  не удалось получить данные от клиента: An existing connection was forcibly closed by the remote host.
	
2018-04-25 09:27:49.758 EEST [7348] СООБЩЕНИЕ:  не удалось получить данные от клиента: An existing connection was forcibly closed by the remote host.
	
2018-04-25 09:29:55.775 EEST [720] СООБЩЕНИЕ:  не удалось получить данные от клиента: An existing connection was forcibly closed by the remote host.
	
2018-04-25 09:32:06.565 EEST [7860] СООБЩЕНИЕ:  не удалось получить данные от клиента: An existing connection was forcibly closed by the remote host.
	
2018-04-25 09:44:21.549 EEST [6072] СООБЩЕНИЕ:  не удалось получить данные от клиента: An existing connection was forcibly closed by the remote host.
	
2018-04-25 10:01:57.792 EEST [7464] ОШИБКА:  столбец th.theme_id не существует (символ 99)
2018-04-25 10:01:57.792 EEST [7464] ПОДСКАЗКА:  Возможно, предполагалась ссылка на столбец "q.theme_id".
2018-04-25 10:01:57.792 EEST [7464] ОПЕРАТОР:  select TH.theme, Q.question, AN.answer, AN.is_right from themes TH, questions Q, answers AN where
	TH.theme_id in (select theme_id from tests where student_id=1) and
	Q.question_id in (select question_id from tests where student_id=1) and
	AN.answer_id in (select answer_id from tests where student_id=1)
	
2018-04-25 10:04:36.512 EEST [7464] ОШИБКА:  столбец th.theme_id не существует (символ 99)
2018-04-25 10:04:36.512 EEST [7464] ПОДСКАЗКА:  Возможно, предполагалась ссылка на столбец "q.theme_id".
2018-04-25 10:04:36.512 EEST [7464] ОПЕРАТОР:  select TH.theme, Q.question, AN.answer, AN.is_right from themes TH, questions Q, answers AN where
	TH.theme_id in (select theme_id from tests where student_id=1)
	--and Q.question_id in (select question_id from tests where student_id=1)
	--and AN.answer_id in (select answer_id from tests where student_id=1)
2018-04-25 10:05:41.158 EEST [7464] ОШИБКА:  столбец th.theme_id не существует (символ 103)
2018-04-25 10:05:41.158 EEST [7464] ПОДСКАЗКА:  Возможно, предполагалась ссылка на столбец "q.theme_id".
2018-04-25 10:05:41.158 EEST [7464] ОПЕРАТОР:  select TH.theme/*, Q.question, AN.answer, AN.is_right*/ from themes TH, questions Q, answers AN where
	TH.theme_id in (select theme_id from tests where student_id=1)
	--and Q.question_id in (select question_id from tests where student_id=1)
	--and AN.answer_id in (select answer_id from tests where student_id=1)
2018-04-25 10:06:06.187 EEST [7464] ОШИБКА:  столбец th.theme_id не существует (символ 107)
2018-04-25 10:06:06.187 EEST [7464] ПОДСКАЗКА:  Возможно, предполагалась ссылка на столбец "th.theme".
2018-04-25 10:06:06.187 EEST [7464] ОПЕРАТОР:  select TH.theme/*, Q.question, AN.answer, AN.is_right*/ from themes TH/*, questions Q, answers AN*/ where
	TH.theme_id in (select theme_id from tests where student_id=1)
	--and Q.question_id in (select question_id from tests where student_id=1)
	--and AN.answer_id in (select answer_id from tests where student_id=1)
2018-04-25 10:06:21.720 EEST [7464] ОШИБКА:  столбец th.theme_id не существует (символ 104)
2018-04-25 10:06:21.720 EEST [7464] ПОДСКАЗКА:  Возможно, предполагалась ссылка на столбец "th.theme".
2018-04-25 10:06:21.720 EEST [7464] ОПЕРАТОР:  select theme/*, Q.question, AN.answer, AN.is_right*/ from themes TH/*, questions Q, answers AN*/ where
	TH.theme_id in (select theme_id from tests where student_id=1)
	--and Q.question_id in (select question_id from tests where student_id=1)
	--and AN.answer_id in (select answer_id from tests where student_id=1)
2018-04-25 10:06:47.916 EEST [7464] ОШИБКА:  столбец "theme_id" не существует (символ 104)
2018-04-25 10:06:47.916 EEST [7464] ПОДСКАЗКА:  Возможно, предполагалась ссылка на столбец "themes.theme".
2018-04-25 10:06:47.916 EEST [7464] ОПЕРАТОР:  select theme/*, Q.question, AN.answer, AN.is_right*/ from themes /*TH, questions Q, answers AN*/ where
	theme_id in (select theme_id from tests where student_id=1)
	--and Q.question_id in (select question_id from tests where student_id=1)
	--and AN.answer_id in (select answer_id from tests where student_id=1)
2018-04-25 10:31:36.845 EEST [7464] ОШИБКА:  повторяющееся значение ключа нарушает ограничение уникальности "tests_pkey"
2018-04-25 10:31:36.845 EEST [7464] ПОДРОБНОСТИ:  Ключ "(test_id)=(1)" уже существует.
2018-04-25 10:31:36.845 EEST [7464] ОПЕРАТОР:  --select * from tests order by test_id
	
	update tests set test_id=1
2018-04-25 10:32:10.951 EEST [7464] ОШИБКА:  повторяющееся значение ключа нарушает ограничение уникальности "tests_pkey"
2018-04-25 10:32:10.951 EEST [7464] ПОДРОБНОСТИ:  Ключ "(test_id)=(1)" уже существует.
2018-04-25 10:32:10.951 EEST [7464] ОПЕРАТОР:  --select * from tests order by test_id
	update tests set test_id=1
2018-04-25 10:33:33.116 EEST [7464] ОШИБКА:  повторяющееся значение ключа нарушает ограничение уникальности "tests_pkey"
2018-04-25 10:33:33.116 EEST [7464] ПОДРОБНОСТИ:  Ключ "(test_id)=(1)" уже существует.
2018-04-25 10:33:33.116 EEST [7464] ОПЕРАТОР:  --select * from tests order by test_id
	update tests set test_id=1
2018-04-25 10:33:37.878 EEST [7464] ОШИБКА:  ошибка синтаксиса (примерное положение: "update") (символ 38)
2018-04-25 10:33:37.878 EEST [7464] ОПЕРАТОР:  select * from tests order by test_id
	update tests set test_id=1
2018-04-25 10:46:25.342 EEST [6352] ОШИБКА:  повторяющееся значение ключа нарушает ограничение уникальности "tests_pkey"
2018-04-25 10:46:25.342 EEST [6352] ПОДРОБНОСТИ:  Ключ "(test_id)=(1)" уже существует.
2018-04-25 10:46:25.342 EEST [6352] ОПЕРАТОР:  insert into TESTS (test_id, student_id, theme_id, question_id, answer_id) values (1, 1, 2, 5, 13)
2018-04-25 11:09:28.457 EEST [7464] ОШИБКА:  подзапрос в выражении вернул больше одной строки
2018-04-25 11:09:28.457 EEST [7464] ОПЕРАТОР:  select /*T.test_id,*/ TH.theme, Q.question, AN.answer, AN.is_right from themes TH, questions Q, answers AN/*, tests T*/ where
	TH.id = (select theme_id from tests where student_id=1)
	and Q.id = (select question_id from tests where student_id=1)
	and AN.id = (select answer_id from tests where student_id=1)
	--order by test_id
2018-04-25 11:09:34.534 EEST [7464] ОШИБКА:  ошибка синтаксиса (примерное положение: "in") (символ 1)
2018-04-25 11:09:34.534 EEST [7464] ОПЕРАТОР:  in
2018-04-25 11:09:37.955 EEST [7464] ОШИБКА:  ошибка синтаксиса (примерное положение: "in") (символ 1)
2018-04-25 11:09:37.955 EEST [7464] ОПЕРАТОР:  in
2018-04-25 11:58:53.292 EEST [7824] ОШИБКА:  ошибка синтаксиса (примерное положение: "id") (символ 35)
2018-04-25 11:58:53.292 EEST [7824] ОПЕРАТОР:  select * from tests where student id=1 order by test_id as TESTS1;
	/*select /*T.test_id,*/ TH.theme, Q.question, AN.answer, AN.is_right from themes TH, questions Q, answers AN/*, tests T*/ where
	TH.id in (select theme_id from tests where student_id=1)
	and Q.id in (select question_id from tests where student_id=1)
	and AN.id in (select answer_id from tests where student_id=1)*/
2018-04-25 11:59:18.347 EEST [7824] ОШИБКА:  ошибка синтаксиса (примерное положение: "id") (символ 35)
2018-04-25 11:59:18.347 EEST [7824] ОПЕРАТОР:  select * from tests where student id=1 as TESTS1 order by test_id;
	/*select /*T.test_id,*/ TH.theme, Q.question, AN.answer, AN.is_right from themes TH, questions Q, answers AN/*, tests T*/ where
	TH.id in (select theme_id from tests where student_id=1)
	and Q.id in (select question_id from tests where student_id=1)
	and AN.id in (select answer_id from tests where student_id=1)*/
2018-04-25 11:59:27.621 EEST [7824] ОШИБКА:  ошибка синтаксиса (примерное положение: "id") (символ 45)
2018-04-25 11:59:27.621 EEST [7824] ОПЕРАТОР:  select * from tests as TESTS1 where student id=1 order by test_id;
	/*select /*T.test_id,*/ TH.theme, Q.question, AN.answer, AN.is_right from themes TH, questions Q, answers AN/*, tests T*/ where
	TH.id in (select theme_id from tests where student_id=1)
	and Q.id in (select question_id from tests where student_id=1)
	and AN.id in (select answer_id from tests where student_id=1)*/
2018-04-25 11:59:36.159 EEST [7824] ОШИБКА:  ошибка синтаксиса (примерное положение: "id") (символ 35)
2018-04-25 11:59:36.159 EEST [7824] ОПЕРАТОР:  select * from tests where student id=1 order by test_id;
	/*select /*T.test_id,*/ TH.theme, Q.question, AN.answer, AN.is_right from themes TH, questions Q, answers AN/*, tests T*/ where
	TH.id in (select theme_id from tests where student_id=1)
	and Q.id in (select question_id from tests where student_id=1)
	and AN.id in (select answer_id from tests where student_id=1)*/
2018-04-25 12:07:32.517 EEST [7464] ОШИБКА:  отношение "an" не существует (символ 221)
2018-04-25 12:07:32.517 EEST [7464] ОПЕРАТОР:  select /*T.test_id,*/ TH.theme, Q.question, AN.answer, AN.is_right from themes TH, questions Q, answers AN/*, tests T*/ where
	TH.id in (select theme_id from tests where student_id=1)
	and Q.id in (select question_id from AN where AN.id in (select answer_id from tests where student_id=1))
	--and AN.id in (select answer_id from tests where student_id=1)
	
	--select * from tests where student id=1 order by test_id 
2018-04-25 12:09:01.297 EEST [7464] ОШИБКА:  отношение "an" не существует (символ 221)
2018-04-25 12:09:01.297 EEST [7464] ОПЕРАТОР:  select /*T.test_id,*/ TH.theme, Q.question, AN.answer, AN.is_right from themes TH, questions Q, answers AN/*, tests T*/ where
	TH.id in (select theme_id from tests where student_id=1)
	and Q.id in (select question_id from AN where AN.id in (select answer_id from tests where student_id=1))
	--and AN.id in (select answer_id from tests where student_id=1)
	
	--select * from tests where student id=1 order by test_id 
2018-04-25 12:40:25.806 EEST [7464] ОШИБКА:  ошибка синтаксиса (примерное положение: "where") (символ 121)
2018-04-25 12:40:25.806 EEST [7464] ОПЕРАТОР:  select /*T.test_id,*/ TH.theme, Q.question, AN.answer, AN.is_right from themes TH, questions Q, answers AN, /*tests T*/ where
	TH.id in
	(select theme_id from tests where student_id=1 order by test_id)
	and Q.id in (select question_id from tests where student_id=1 order by test_id)
	and AN.id in (select answer_id from tests where student_id=1 order by test_id)
	/*
		(select theme_id from questions where questions.id in 		
			(select question_id from answers where answers.id in
				(select answer_id from tests where student_id=1)
			)
		)	
	and Q.id in
		(select question_id from answers where answers.id in
			(select answer_id from tests where student_id=1)
		)
	and AN.id in (select answer_id from tests where student_id=1)
	*/
	--and Q.id in (select question_id from answers where answers.id in (select answer_id from tests where student_id=1))
	--and AN.id in (select answer_id from tests where student_id=1)
	
	--select * from tests where student id=1 order by test_id 
2018-04-25 12:40:33.645 EEST [7464] ОШИБКА:  ошибка синтаксиса (примерное положение: "where") (символ 121)
2018-04-25 12:40:33.645 EEST [7464] ОПЕРАТОР:  select /*T.test_id,*/ TH.theme, Q.question, AN.answer, AN.is_right from themes TH, questions Q, answers AN, /*tests T*/ where
	TH.id in
	(select theme_id from tests where student_id=1 order by test_id)
	and Q.id in (select question_id from tests where student_id=1 order by test_id)
	--and AN.id in (select answer_id from tests where student_id=1 order by test_id)
	/*
		(select theme_id from questions where questions.id in 		
			(select question_id from answers where answers.id in
				(select answer_id from tests where student_id=1)
			)
		)	
	and Q.id in
		(select question_id from answers where answers.id in
			(select answer_id from tests where student_id=1)
		)
	and AN.id in (select answer_id from tests where student_id=1)
	*/
	--and Q.id in (select question_id from answers where answers.id in (select answer_id from tests where student_id=1))
	--and AN.id in (select answer_id from tests where student_id=1)
	
	--select * from tests where student id=1 order by test_id 
2018-04-25 12:40:35.406 EEST [7464] ОШИБКА:  ошибка синтаксиса (примерное положение: "where") (символ 121)
2018-04-25 12:40:35.406 EEST [7464] ОПЕРАТОР:  select /*T.test_id,*/ TH.theme, Q.question, AN.answer, AN.is_right from themes TH, questions Q, answers AN, /*tests T*/ where
	TH.id in
	(select theme_id from tests where student_id=1 order by test_id)
	and Q.id in (select question_id from tests where student_id=1 order by test_id)
	and AN.id in (select answer_id from tests where student_id=1 order by test_id)
	/*
		(select theme_id from questions where questions.id in 		
			(select question_id from answers where answers.id in
				(select answer_id from tests where student_id=1)
			)
		)	
	and Q.id in
		(select question_id from answers where answers.id in
			(select answer_id from tests where student_id=1)
		)
	and AN.id in (select answer_id from tests where student_id=1)
	*/
	--and Q.id in (select question_id from answers where answers.id in (select answer_id from tests where student_id=1))
	--and AN.id in (select answer_id from tests where student_id=1)
	
	--select * from tests where student id=1 order by test_id 
2018-04-25 12:40:49.474 EEST [7464] ОШИБКА:  ошибка синтаксиса (примерное положение: "where") (символ 121)
2018-04-25 12:40:49.474 EEST [7464] ОПЕРАТОР:  select /*T.test_id,*/ TH.theme, Q.question, AN.answer, AN.is_right from themes TH, questions Q, answers AN, /*tests T*/ where
	TH.id in
	(select theme_id from tests where student_id=1)
	and Q.id in (select question_id from tests where student_id=1)
	and AN.id in (select answer_id from tests where student_id=1)
	/*
		(select theme_id from questions where questions.id in 		
			(select question_id from answers where answers.id in
				(select answer_id from tests where student_id=1)
			)
		)	
	and Q.id in
		(select question_id from answers where answers.id in
			(select answer_id from tests where student_id=1)
		)
	and AN.id in (select answer_id from tests where student_id=1)
	*/
	--and Q.id in (select question_id from answers where answers.id in (select answer_id from tests where student_id=1))
	--and AN.id in (select answer_id from tests where student_id=1)
	
	--select * from tests where student id=1 order by test_id 
2018-04-25 12:41:17.226 EEST [7464] ОШИБКА:  ошибка синтаксиса (примерное положение: "where") (символ 121)
2018-04-25 12:41:17.226 EEST [7464] ОПЕРАТОР:  select /*T.test_id,*/ TH.theme, Q.question, AN.answer, AN.is_right from themes TH, questions Q, answers AN, /*tests T*/ where
	TH.id in /*
	(select theme_id from tests where student_id=1)
	and Q.id in (select question_id from tests where student_id=1)
	and AN.id in (select answer_id from tests where student_id=1)	*/
	
		(select theme_id from questions where questions.id in 		
			(select question_id from answers where answers.id in
				(select answer_id from tests where student_id=1)
			)
		)	
	and Q.id in
		(select question_id from answers where answers.id in
			(select answer_id from tests where student_id=1)
		)
	and AN.id in (select answer_id from tests where student_id=1)
	
	--and Q.id in (select question_id from answers where answers.id in (select answer_id from tests where student_id=1))
	--and AN.id in (select answer_id from tests where student_id=1)
	
	--select * from tests where student id=1 order by test_id 
2018-04-25 12:41:27.271 EEST [7464] ОШИБКА:  ошибка синтаксиса (примерное положение: "where") (символ 121)
2018-04-25 12:41:27.271 EEST [7464] ОПЕРАТОР:  select /*T.test_id,*/ TH.theme, Q.question, AN.answer, AN.is_right from themes TH, questions Q, answers AN, /*tests T*/ where
	TH.id in 
	(select theme_id from tests where student_id=1)
	and Q.id in (select question_id from tests where student_id=1)
	and AN.id in (select answer_id from tests where student_id=1)	
	/*
		(select theme_id from questions where questions.id in 		
			(select question_id from answers where answers.id in
				(select answer_id from tests where student_id=1)
			)
		)	
	and Q.id in
		(select question_id from answers where answers.id in
			(select answer_id from tests where student_id=1)
		)
	and AN.id in (select answer_id from tests where student_id=1)
	*/
	--and Q.id in (select question_id from answers where answers.id in (select answer_id from tests where student_id=1))
	--and AN.id in (select answer_id from tests where student_id=1)
	
	--select * from tests where student id=1 order by test_id 
2018-04-25 13:32:33.182 EEST [7464] ОШИБКА:  таблица "tests" отсутствует в предложении FROM (символ 133)
2018-04-25 13:32:33.182 EEST [7464] ОПЕРАТОР:  select /*T.test_id,*/ TH.theme, Q.question, AN.answer, AN.is_right from themes TH, questions Q, answers AN/*, tests T*/ where
	TH.id=tests.theme_id
	and Q.id=tests.question_id
	and AN.id=tests.answer_id
	--in (select answer_id from tests where student_id=1)
2018-04-25 14:18:40.736 EEST [604] ОШИБКА:  ошибка синтаксиса (примерное положение: "whereTH") (символ 113)
2018-04-25 14:18:40.736 EEST [604] ОПЕРАТОР:  select T.test_id, TH.theme, Q.question, AN.answer, AN.is_right from themes TH, questions Q, answers AN, tests T whereTH.id=T.theme_id and Q.id=T.question_id and AN.id=T.answer_id and T.student_id=1order by test_id
2018-04-25 14:34:27.947 EEST [5140] СООБЩЕНИЕ:  не удалось получить данные от клиента: An existing connection was forcibly closed by the remote host.
	
2018-04-25 14:52:16.320 EEST [7464] ОШИБКА:  ошибка синтаксиса (примерное положение: "CONSTRAINT") (символ 7)
2018-04-25 14:52:16.320 EEST [7464] ОПЕРАТОР:  alter CONSTRAINT questions_theme_id_fkey FOREIGN KEY (theme_id)
	        REFERENCES public.themes (id) MATCH SIMPLE
	        ON UPDATE CASCADE
	        ON DELETE CASCADE
2018-04-25 15:44:44.905 EEST [4348] ОШИБКА:  ошибка синтаксиса (примерное положение: "PASSWORD") (символ 60)
2018-04-25 15:44:44.905 EEST [4348] ОПЕРАТОР:  CREATE DATABASE "TESTING1"
	    WITH 
	    OWNER = postgres
		PASSWORD = 'admin'
	    ENCODING = 'UTF8'
	    LC_COLLATE = 'Russian_Russia.1251'
	    LC_CTYPE = 'Russian_Russia.1251'
	    TABLESPACE = pg_default
	    CONNECTION LIMIT = -1;
	COMMENT ON DATABASE "TESTING1" IS 'lesson 24';
	COMMIT WORK;
	
	/* SET NAMES WIN1251;
	SET SQL DIALECT 3; */
	CONNECT 'TESTING1' USER 'postgres' PASSWORD 'admin';
	SET AUTODDL ON;
	
	CREATE TABLE public.themes
	(
	    id integer NOT NULL DEFAULT nextval('themes_id_seq'::regclass),
	    theme character varying(50) COLLATE pg_catalog."default" NOT NULL,
	    CONSTRAINT themes_pkey PRIMARY KEY (id)
	)
	WITH (OIDS = FALSE)
	TABLESPACE pg_default;
	ALTER TABLE public.themes OWNER to postgres;
	COMMIT WORK;
	
	CREATE TABLE public.questions
	(
	    id integer NOT NULL DEFAULT nextval('questions_id_seq'::regclass),
	    theme_id integer NOT NULL,
	    question character varying(100) COLLATE pg_catalog."default" NOT NULL,
	    --"NUMBER" integer,
	    CONSTRAINT questions_pkey PRIMARY KEY (id),
	    CONSTRAINT questions_theme_id_fkey FOREIGN KEY (theme_id)
	        REFERENCES public.themes (id) MATCH SIMPLE
	        ON UPDATE CASCADE
	        ON DELETE CASCADE
	)
	WITH (OIDS = FALSE)
	TABLESPACE pg_default;
	ALTER TABLE public.questions OWNER to postgres;
	COMMIT WORK;
	
	CREATE TABLE public.answers
	(
	    id integer NOT NULL DEFAULT nextval('answers_id_seq'::regclass),
	    question_id integer NOT NULL,
	    variant character(1) COLLATE pg_catalog."default" NOT NULL,
	    answer character varying(100) COLLATE pg_catalog."default" NOT NULL,
	    is_right boolean,
	    CONSTRAINT answers_pkey PRIMARY KEY (id),
	    CONSTRAINT answers_question_id_fkey FOREIGN KEY (question_id)
	        REFERENCES public.questions (id) MATCH SIMPLE
	        ON UPDATE CASCADE
	        ON DELETE CASCADE
	)
	WITH (OIDS = FALSE)
	TABLESPACE pg_default;
	ALTER TABLE public.answers OWNER to postgres;
	COMMIT WORK;
	
	CREATE TABLE public.students
	(
	    id integer NOT NULL DEFAULT nextval('students_id_seq'::regclass),
	    f_name character varying(50) COLLATE pg_catalog."default" NOT NULL,
	    l_name character varying(50) COLLATE pg_catalog."default" NOT NULL,
	    CONSTRAINT students_pkey PRIMARY KEY (id)
	)
	WITH (OIDS = FALSE)
	TABLESPACE pg_default;
	ALTER TABLE public.students OWNER to postgres;
	COMMIT WORK;
	
	CREATE TABLE public.tests
	(
	    test_id integer NOT NULL,
	    student_id integer NOT NULL,
	    theme_id integer NOT NULL,
	    question_id integer NOT NULL,
	    answer_id integer NOT NULL,
	    id integer NOT NULL DEFAULT nextval('tests_id_seq'::regclass),
	    CONSTRAINT tests_pkey PRIMARY KEY (id),
	    CONSTRAINT tests_answer_id_fkey FOREIGN KEY (answer_id)
	        REFERENCES public.answers (id) MATCH SIMPLE
	        ON UPDATE CASCADE
	        ON DELETE CASCADE,
	    CONSTRAINT tests_question_id_fkey FOREIGN KEY (question_id)
	        REFERENCES public.questions (id) MATCH SIMPLE
	        ON UPDATE CASCADE
	        ON DELETE CASCADE,
	    CONSTRAINT tests_student_id_fkey FOREIGN KEY (student_id)
	        REFERENCES public.students (id) MATCH SIMPLE
	        ON UPDATE CASCADE
	        ON DELETE CASCADE,
	    CONSTRAINT tests_theme_id_fkey FOREIGN KEY (theme_id)
	        REFERENCES public.themes (id) MATCH SIMPLE
	        ON UPDATE CASCADE
	        ON DELETE CASCADE
	)
	WITH (OIDS = FALSE)
	TABLESPACE pg_default;
	ALTER TABLE public.tests OWNER to postgres;
	COMMIT WORK;
	
	insert into themes values (1, 'Java');
	insert into themes values (2, 'География');
	COMMIT WORK;
	
	insert into questions (theme_id, question) values (1, 'int - это...');
	insert into questions (theme_id, question) values (1, 'Выберите цикл с постусловием:');
	insert into questions (theme_id, question) values (1, 'Ключевое слово final в начале объявления метода...');
	insert into questions (theme_id, question) values (2, 'Столица Камбоджи');
	insert into questions (theme_id, question) values (2, 'Самая длинная и многоводная река Евразии');
	insert into questions (theme_id, question) values (2, 'Страны, с которыми Украина граничит на севере');
	COMMIT WORK;
	
	insert into answers values (1, 1, 'A', 'целочисленный тип данных с диапазоном значений от -128 до 127', false);
	insert into answers values (2, 1, 'B', 'тип данных, определяющий числовое значение с плавающей точкой одинарной точности', false);
	insert into answers values (3, 1, 'C', 'целочисленный тип данных с диапазоном значений от -2147483648 до 2147483647', true);
	insert into answers values (4, 2, 'A', 'for(int i=0; i<10; i++) { }', false);
	insert into answers values (5, 2, 'B', '{ } while(i<10)', true);
	insert into answers values (6, 2, 'C', 'while(i<10) { }', false);
	insert into answers values (7, 3, 'A', 'не позволяет вызвать его за пределами класса, в котором он объявлен', false);
	insert into answers values (8, 3, 'B', 'предотвращает его переопределение', true);
	insert into answers values (9, 3, 'C', 'позволяет вызвать данный метод лишь единожды', false);
	insert into answers values (10, 4, 'A', 'Катманду', false);
	insert into answers values (11, 4, 'B', 'Москва', false);
	insert into answers values (12, 4, 'C', 'Пномпень', true);
	insert into answers values (13, 5, 'A', 'Янцзы', true);
	insert into answers values (14, 5, 'B', 'Днепр', false);
	insert into answers values (15, 5, 'C', 'Волга', false);
	insert into answers values (13, 5, 'A', 'Беларусь и Россия', true);
	insert into answers values (14, 5, 'B', 'Румыния и Молдавия', false);
	insert into answers values (15, 5, 'C', 'Словакия и Венгрия', false);
	COMMIT WORK;
2018-04-25 15:46:02.118 EEST [4348] ОШИБКА:  ошибка синтаксиса (примерное положение: "PASSWORD") (символ 60)
2018-04-25 15:46:02.118 EEST [4348] ОПЕРАТОР:  CREATE DATABASE "TESTING1"
	    WITH 
	    OWNER = postgres
		PASSWORD = 'admin'
	    ENCODING = 'UTF8'
	    LC_COLLATE = 'Russian_Russia.1251'
	    LC_CTYPE = 'Russian_Russia.1251'
	    TABLESPACE = pg_default
	    CONNECTION LIMIT = -1;
	COMMENT ON DATABASE "TESTING1" IS 'lesson 24';
	COMMIT WORK;
	
	/* SET NAMES WIN1251;
	SET SQL DIALECT 3; */
	CONNECT 'TESTING1' USER 'postgres' PASSWORD 'admin';
	SET AUTODDL ON;
	
	CREATE TABLE public.themes
	(
	    id integer NOT NULL DEFAULT nextval('themes_id_seq'::regclass),
	    theme character varying(50) COLLATE pg_catalog."default" NOT NULL,
	    CONSTRAINT themes_pkey PRIMARY KEY (id)
	)
	WITH (OIDS = FALSE)
	TABLESPACE pg_default;
	ALTER TABLE public.themes OWNER to postgres;
	COMMIT WORK;
	
	CREATE TABLE public.questions
	(
	    id integer NOT NULL DEFAULT nextval('questions_id_seq'::regclass),
	    theme_id integer NOT NULL,
	    question character varying(100) COLLATE pg_catalog."default" NOT NULL,
	    --"NUMBER" integer,
	    CONSTRAINT questions_pkey PRIMARY KEY (id),
	    CONSTRAINT questions_theme_id_fkey FOREIGN KEY (theme_id)
	        REFERENCES public.themes (id) MATCH SIMPLE
	        ON UPDATE CASCADE
	        ON DELETE CASCADE
	)
	WITH (OIDS = FALSE)
	TABLESPACE pg_default;
	ALTER TABLE public.questions OWNER to postgres;
	COMMIT WORK;
	
	CREATE TABLE public.answers
	(
	    id integer NOT NULL DEFAULT nextval('answers_id_seq'::regclass),
	    question_id integer NOT NULL,
	    variant character(1) COLLATE pg_catalog."default" NOT NULL,
	    answer character varying(100) COLLATE pg_catalog."default" NOT NULL,
	    is_right boolean,
	    CONSTRAINT answers_pkey PRIMARY KEY (id),
	    CONSTRAINT answers_question_id_fkey FOREIGN KEY (question_id)
	        REFERENCES public.questions (id) MATCH SIMPLE
	        ON UPDATE CASCADE
	        ON DELETE CASCADE
	)
	WITH (OIDS = FALSE)
	TABLESPACE pg_default;
	ALTER TABLE public.answers OWNER to postgres;
	COMMIT WORK;
	
	CREATE TABLE public.students
	(
	    id integer NOT NULL DEFAULT nextval('students_id_seq'::regclass),
	    f_name character varying(50) COLLATE pg_catalog."default" NOT NULL,
	    l_name character varying(50) COLLATE pg_catalog."default" NOT NULL,
	    CONSTRAINT students_pkey PRIMARY KEY (id)
	)
	WITH (OIDS = FALSE)
	TABLESPACE pg_default;
	ALTER TABLE public.students OWNER to postgres;
	COMMIT WORK;
	
	CREATE TABLE public.tests
	(
	    test_id integer NOT NULL,
	    student_id integer NOT NULL,
	    theme_id integer NOT NULL,
	    question_id integer NOT NULL,
	    answer_id integer NOT NULL,
	    id integer NOT NULL DEFAULT nextval('tests_id_seq'::regclass),
	    CONSTRAINT tests_pkey PRIMARY KEY (id),
	    CONSTRAINT tests_answer_id_fkey FOREIGN KEY (answer_id)
	        REFERENCES public.answers (id) MATCH SIMPLE
	        ON UPDATE CASCADE
	        ON DELETE CASCADE,
	    CONSTRAINT tests_question_id_fkey FOREIGN KEY (question_id)
	        REFERENCES public.questions (id) MATCH SIMPLE
	        ON UPDATE CASCADE
	        ON DELETE CASCADE,
	    CONSTRAINT tests_student_id_fkey FOREIGN KEY (student_id)
	        REFERENCES public.students (id) MATCH SIMPLE
	        ON UPDATE CASCADE
	        ON DELETE CASCADE,
	    CONSTRAINT tests_theme_id_fkey FOREIGN KEY (theme_id)
	        REFERENCES public.themes (id) MATCH SIMPLE
	        ON UPDATE CASCADE
	        ON DELETE CASCADE
	)
	WITH (OIDS = FALSE)
	TABLESPACE pg_default;
	ALTER TABLE public.tests OWNER to postgres;
	COMMIT WORK;
	
	insert into themes values (1, 'Java');
	insert into themes values (2, 'География');
	COMMIT WORK;
	
	insert into questions (theme_id, question) values (1, 'int - это...');
	insert into questions (theme_id, question) values (1, 'Выберите цикл с постусловием:');
	insert into questions (theme_id, question) values (1, 'Ключевое слово final в начале объявления метода...');
	insert into questions (theme_id, question) values (2, 'Столица Камбоджи');
	insert into questions (theme_id, question) values (2, 'Самая длинная и многоводная река Евразии');
	insert into questions (theme_id, question) values (2, 'Страны, с которыми Украина граничит на севере');
	COMMIT WORK;
	
	insert into answers values (1, 1, 'A', 'целочисленный тип данных с диапазоном значений от -128 до 127', false);
	insert into answers values (2, 1, 'B', 'тип данных, определяющий числовое значение с плавающей точкой одинарной точности', false);
	insert into answers values (3, 1, 'C', 'целочисленный тип данных с диапазоном значений от -2147483648 до 2147483647', true);
	insert into answers values (4, 2, 'A', 'for(int i=0; i<10; i++) { }', false);
	insert into answers values (5, 2, 'B', '{ } while(i<10)', true);
	insert into answers values (6, 2, 'C', 'while(i<10) { }', false);
	insert into answers values (7, 3, 'A', 'не позволяет вызвать его за пределами класса, в котором он объявлен', false);
	insert into answers values (8, 3, 'B', 'предотвращает его переопределение', true);
	insert into answers values (9, 3, 'C', 'позволяет вызвать данный метод лишь единожды', false);
	insert into answers values (10, 4, 'A', 'Катманду', false);
	insert into answers values (11, 4, 'B', 'Москва', false);
	insert into answers values (12, 4, 'C', 'Пномпень', true);
	insert into answers values (13, 5, 'A', 'Янцзы', true);
	insert into answers values (14, 5, 'B', 'Днепр', false);
	insert into answers values (15, 5, 'C', 'Волга', false);
	insert into answers values (13, 5, 'A', 'Беларусь и Россия', true);
	insert into answers values (14, 5, 'B', 'Румыния и Молдавия', false);
	insert into answers values (15, 5, 'C', 'Словакия и Венгрия', false);
	COMMIT WORK;
2018-04-25 16:00:06.072 EEST [4348] ОШИБКА:  ошибка синтаксиса (примерное положение: "PASSWORD") (символ 60)
2018-04-25 16:00:06.072 EEST [4348] ОПЕРАТОР:  CREATE DATABASE "TESTING1"
	    WITH 
	    OWNER = postgres
		PASSWORD = 'admin'
	    ENCODING = 'UTF8'
	    LC_COLLATE = 'Russian_Russia.1251'
	    LC_CTYPE = 'Russian_Russia.1251'
	    TABLESPACE = pg_default
	    CONNECTION LIMIT = -1;
	COMMENT ON DATABASE "TESTING1" IS 'lesson 24';
	COMMIT WORK;
	
	/* SET NAMES WIN1251;
	SET SQL DIALECT 3; */
	CONNECT 'TESTING1' USER 'postgres' PASSWORD 'admin';
	SET AUTODDL ON;
	
	CREATE TABLE public.themes
	(
	    id integer NOT NULL DEFAULT nextval('themes_id_seq'::regclass),
	    theme character varying(50) COLLATE pg_catalog."default" NOT NULL,
	    CONSTRAINT themes_pkey PRIMARY KEY (id)
	)
	WITH (OIDS = FALSE)
	TABLESPACE pg_default;
	ALTER TABLE public.themes OWNER to postgres;
	COMMIT WORK;
	
	CREATE TABLE public.questions
	(
	    id integer NOT NULL DEFAULT nextval('questions_id_seq'::regclass),
	    theme_id integer NOT NULL,
	    question character varying(100) COLLATE pg_catalog."default" NOT NULL,
	    --"NUMBER" integer,
	    CONSTRAINT questions_pkey PRIMARY KEY (id),
	    CONSTRAINT questions_theme_id_fkey FOREIGN KEY (theme_id)
	        REFERENCES public.themes (id) MATCH SIMPLE
	        ON UPDATE CASCADE
	        ON DELETE CASCADE
	)
	WITH (OIDS = FALSE)
	TABLESPACE pg_default;
	ALTER TABLE public.questions OWNER to postgres;
	COMMIT WORK;
	
	CREATE TABLE public.answers
	(
	    id integer NOT NULL DEFAULT nextval('answers_id_seq'::regclass),
	    question_id integer NOT NULL,
	    variant character(1) COLLATE pg_catalog."default" NOT NULL,
	    answer character varying(100) COLLATE pg_catalog."default" NOT NULL,
	    is_right boolean,
	    CONSTRAINT answers_pkey PRIMARY KEY (id),
	    CONSTRAINT answers_question_id_fkey FOREIGN KEY (question_id)
	        REFERENCES public.questions (id) MATCH SIMPLE
	        ON UPDATE CASCADE
	        ON DELETE CASCADE
	)
	WITH (OIDS = FALSE)
	TABLESPACE pg_default;
	ALTER TABLE public.answers OWNER to postgres;
	COMMIT WORK;
	
	CREATE TABLE public.students
	(
	    id integer NOT NULL DEFAULT nextval('students_id_seq'::regclass),
	    f_name character varying(50) COLLATE pg_catalog."default" NOT NULL,
	    l_name character varying(50) COLLATE pg_catalog."default" NOT NULL,
	    CONSTRAINT students_pkey PRIMARY KEY (id)
	)
	WITH (OIDS = FALSE)
	TABLESPACE pg_default;
	ALTER TABLE public.students OWNER to postgres;
	COMMIT WORK;
	
	CREATE TABLE public.tests
	(
	    test_id integer NOT NULL,
	    student_id integer NOT NULL,
	    theme_id integer NOT NULL,
	    question_id integer NOT NULL,
	    answer_id integer NOT NULL,
	    id integer NOT NULL DEFAULT nextval('tests_id_seq'::regclass),
	    CONSTRAINT tests_pkey PRIMARY KEY (id),
	    CONSTRAINT tests_answer_id_fkey FOREIGN KEY (answer_id)
	        REFERENCES public.answers (id) MATCH SIMPLE
	        ON UPDATE CASCADE
	        ON DELETE CASCADE,
	    CONSTRAINT tests_question_id_fkey FOREIGN KEY (question_id)
	        REFERENCES public.questions (id) MATCH SIMPLE
	        ON UPDATE CASCADE
	        ON DELETE CASCADE,
	    CONSTRAINT tests_student_id_fkey FOREIGN KEY (student_id)
	        REFERENCES public.students (id) MATCH SIMPLE
	        ON UPDATE CASCADE
	        ON DELETE CASCADE,
	    CONSTRAINT tests_theme_id_fkey FOREIGN KEY (theme_id)
	        REFERENCES public.themes (id) MATCH SIMPLE
	        ON UPDATE CASCADE
	        ON DELETE CASCADE
	)
	WITH (OIDS = FALSE)
	TABLESPACE pg_default;
	ALTER TABLE public.tests OWNER to postgres;
	COMMIT WORK;
	
	insert into themes values (1, 'Java');
	insert into themes values (2, 'География');
	COMMIT WORK;
	
	insert into questions (theme_id, question) values (1, 'int - это...');
	insert into questions (theme_id, question) values (1, 'Выберите цикл с постусловием:');
	insert into questions (theme_id, question) values (1, 'Ключевое слово final в начале объявления метода...');
	insert into questions (theme_id, question) values (2, 'Столица Камбоджи');
	insert into questions (theme_id, question) values (2, 'Самая длинная и многоводная река Евразии');
	insert into questions (theme_id, question) values (2, 'Страны, с которыми Украина граничит на севере');
	COMMIT WORK;
	
	insert into answers values (1, 1, 'A', 'целочисленный тип данных с диапазоном значений от -128 до 127', false);
	insert into answers values (2, 1, 'B', 'тип данных, определяющий числовое значение с плавающей точкой одинарной точности', false);
	insert into answers values (3, 1, 'C', 'целочисленный тип данных с диапазоном значений от -2147483648 до 2147483647', true);
	insert into answers values (4, 2, 'A', 'for(int i=0; i<10; i++) { }', false);
	insert into answers values (5, 2, 'B', '{ } while(i<10)', true);
	insert into answers values (6, 2, 'C', 'while(i<10) { }', false);
	insert into answers values (7, 3, 'A', 'не позволяет вызвать его за пределами класса, в котором он объявлен', false);
	insert into answers values (8, 3, 'B', 'предотвращает его переопределение', true);
	insert into answers values (9, 3, 'C', 'позволяет вызвать данный метод лишь единожды', false);
	insert into answers values (10, 4, 'A', 'Катманду', false);
	insert into answers values (11, 4, 'B', 'Москва', false);
	insert into answers values (12, 4, 'C', 'Пномпень', true);
	insert into answers values (13, 5, 'A', 'Янцзы', true);
	insert into answers values (14, 5, 'B', 'Днепр', false);
	insert into answers values (15, 5, 'C', 'Волга', false);
	insert into answers values (13, 5, 'A', 'Беларусь и Россия', true);
	insert into answers values (14, 5, 'B', 'Румыния и Молдавия', false);
	insert into answers values (15, 5, 'C', 'Словакия и Венгрия', false);
	COMMIT WORK;
2018-04-25 16:00:26.276 EEST [4348] ОШИБКА:  ошибка синтаксиса (примерное положение: "PASSWORD") (символ 60)
2018-04-25 16:00:26.276 EEST [4348] ОПЕРАТОР:  CREATE DATABASE "TESTING1"
	    WITH 
	    OWNER = postgres
		PASSWORD = 'admin'
	    ENCODING = 'UTF8'
	    LC_COLLATE = 'Russian_Russia.1251'
	    LC_CTYPE = 'Russian_Russia.1251'
	    TABLESPACE = pg_default
	    CONNECTION LIMIT = -1;
	COMMENT ON DATABASE "TESTING1" IS 'lesson 24';
	COMMIT WORK;
2018-04-25 16:00:59.881 EEST [4348] ОШИБКА:  ошибка синтаксиса (примерное положение: "DATABASE") (символ 93)
2018-04-25 16:00:59.881 EEST [4348] ОПЕРАТОР:  EXPLAIN (FORMAT JSON, ANALYZE OFF, VERBOSE OFF, COSTS OFF, BUFFERS OFF, TIMING OFF)  CREATE DATABASE "TESTING1"
	    WITH 
	    OWNER = postgres
		PASSWORD = 'admin'
	    ENCODING = 'UTF8'
	    LC_COLLATE = 'Russian_Russia.1251'
	    LC_CTYPE = 'Russian_Russia.1251'
	    TABLESPACE = pg_default
	    CONNECTION LIMIT = -1;
	COMMENT ON DATABASE "TESTING1" IS 'lesson 24';
	COMMIT WORK;
2018-04-25 16:01:03.978 EEST [4348] ОШИБКА:  ошибка синтаксиса (примерное положение: "DATABASE") (символ 92)
2018-04-25 16:01:03.978 EEST [4348] ОПЕРАТОР:  EXPLAIN (FORMAT JSON, ANALYZE ON, VERBOSE OFF, COSTS OFF, BUFFERS OFF, TIMING OFF)  CREATE DATABASE "TESTING1"
	    WITH 
	    OWNER = postgres
		PASSWORD = 'admin'
	    ENCODING = 'UTF8'
	    LC_COLLATE = 'Russian_Russia.1251'
	    LC_CTYPE = 'Russian_Russia.1251'
	    TABLESPACE = pg_default
	    CONNECTION LIMIT = -1;
	COMMENT ON DATABASE "TESTING1" IS 'lesson 24';
	COMMIT WORK;
2018-04-25 16:01:16.577 EEST [4348] ОШИБКА:  ошибка синтаксиса (примерное положение: "DATABASE") (символ 91)
2018-04-25 16:01:16.577 EEST [4348] ОПЕРАТОР:  EXPLAIN (FORMAT JSON, ANALYZE ON, VERBOSE ON, COSTS OFF, BUFFERS OFF, TIMING OFF)  CREATE DATABASE "TESTING1"
	    WITH 
	    OWNER = postgres
		PASSWORD = 'admin'
	    ENCODING = 'UTF8'
	    LC_COLLATE = 'Russian_Russia.1251'
	    LC_CTYPE = 'Russian_Russia.1251'
	    TABLESPACE = pg_default
	    CONNECTION LIMIT = -1;
	COMMENT ON DATABASE "TESTING1" IS 'lesson 24';
	COMMIT WORK;
2018-04-25 16:01:46.924 EEST [4348] ОШИБКА:  CREATE DATABASE не может выполняться внутри функции или строки, включающей несколько команд
2018-04-25 16:01:46.924 EEST [4348] ОПЕРАТОР:  CREATE DATABASE "TESTING1"
	    WITH 
	    OWNER = postgres
		--PASSWORD = 'admin'
	    ENCODING = 'UTF8'
	    LC_COLLATE = 'Russian_Russia.1251'
	    LC_CTYPE = 'Russian_Russia.1251'
	    TABLESPACE = pg_default
	    CONNECTION LIMIT = -1;
	COMMENT ON DATABASE "TESTING1" IS 'lesson 24';
	COMMIT WORK;
2018-04-25 16:03:25.521 EEST [4348] ОШИБКА:  ошибка синтаксиса (примерное положение: "if") (символ 28)
2018-04-25 16:03:25.521 EEST [4348] ОПЕРАТОР:  CREATE TABLE public.themes if not exists
	(
	    id integer NOT NULL DEFAULT nextval('themes_id_seq'::regclass),
	    theme character varying(50) COLLATE pg_catalog."default" NOT NULL,
	    CONSTRAINT themes_pkey PRIMARY KEY (id)
	)
	WITH (OIDS = FALSE)
	TABLESPACE pg_default;
	ALTER TABLE public.themes OWNER to postgres;
	COMMIT WORK;
2018-04-25 16:03:50.475 EEST [4348] ОШИБКА:  текущая транзакция прервана, команды до конца блока транзакции игнорируются
2018-04-25 16:03:50.475 EEST [4348] ОПЕРАТОР:  CREATE TABLE public.themes --if not exists
	(
	    id integer NOT NULL DEFAULT nextval('themes_id_seq'::regclass),
	    theme character varying(50) COLLATE pg_catalog."default" NOT NULL,
	    CONSTRAINT themes_pkey PRIMARY KEY (id)
	)
	WITH (OIDS = FALSE)
	TABLESPACE pg_default;
	ALTER TABLE public.themes OWNER to postgres;
	COMMIT WORK;
2018-04-25 16:04:27.552 EEST [4348] ОШИБКА:  текущая транзакция прервана, команды до конца блока транзакции игнорируются
2018-04-25 16:04:27.552 EEST [4348] ОПЕРАТОР:  CREATE TABLE public.themes --if not exists
	(
	    id integer NOT NULL DEFAULT nextval('themes_id_seq'::regclass),
	    theme character varying(50) COLLATE pg_catalog."default" NOT NULL,
	    CONSTRAINT themes_pkey PRIMARY KEY (id)
	)
	WITH (OIDS = FALSE)
	TABLESPACE pg_default;
	ALTER TABLE public.themes OWNER to postgres;
	COMMIT WORK;
2018-04-25 16:04:44.246 EEST [4348] ОШИБКА:  текущая транзакция прервана, команды до конца блока транзакции игнорируются
2018-04-25 16:04:44.246 EEST [4348] ОПЕРАТОР:  CREATE TABLE public.themes --if not exists
	(
	    id integer NOT NULL DEFAULT nextval('themes_id_seq'::regclass),
	    theme character varying(50) COLLATE pg_catalog."default" NOT NULL,
	    CONSTRAINT themes_pkey PRIMARY KEY (id)
	)
	WITH (OIDS = FALSE)
	TABLESPACE pg_default;
	ALTER TABLE public.themes OWNER to postgres;
	COMMIT WORK;
2018-04-25 16:16:24.382 EEST [4348] СООБЩЕНИЕ:  не удалось получить данные от клиента: An existing connection was forcibly closed by the remote host.
	
2018-04-25 16:16:24.382 EEST [6772] СООБЩЕНИЕ:  не удалось получить данные от клиента: An existing connection was forcibly closed by the remote host.
	
2018-04-25 16:16:24.393 EEST [3212] СООБЩЕНИЕ:  не удалось получить данные от клиента: An existing connection was forcibly closed by the remote host.
	
2018-04-25 16:16:24.459 EEST [7116] СООБЩЕНИЕ:  не удалось получить данные от клиента: An existing connection was forcibly closed by the remote host.
	
2018-04-25 16:24:45.148 EEST [5508] СООБЩЕНИЕ:  не удалось получить данные от клиента: An existing connection was forcibly closed by the remote host.
	
2018-04-25 16:24:45.148 EEST [436] СООБЩЕНИЕ:  не удалось получить данные от клиента: An existing connection was forcibly closed by the remote host.
	
